d:\my code\gamecode\projectgame\projectgame\debug\vc140.pdb
d:\my code\gamecode\projectgame\projectgame\debug\vc140.idb
d:\my code\gamecode\projectgame\projectgame\debug\brick.obj
d:\my code\gamecode\projectgame\projectgame\debug\debug.obj
d:\my code\gamecode\projectgame\projectgame\debug\game.obj
d:\my code\gamecode\projectgame\projectgame\debug\gameobject.obj
d:\my code\gamecode\projectgame\projectgame\debug\goomba.obj
d:\my code\gamecode\projectgame\projectgame\debug\main.obj
d:\my code\gamecode\projectgame\projectgame\debug\mario.obj
d:\my code\gamecode\projectgame\projectgame\debug\sprites.obj
d:\my code\gamecode\projectgame\projectgame\debug\textures.obj
d:\my code\gamecode\projectgame\debug\projectgame.ilk
d:\my code\gamecode\projectgame\debug\projectgame.exe
d:\my code\gamecode\projectgame\debug\projectgame.pdb
d:\my code\gamecode\projectgame\projectgame\debug\projectgame.tlog\cl.command.1.tlog
d:\my code\gamecode\projectgame\projectgame\debug\projectgame.tlog\cl.read.1.tlog
d:\my code\gamecode\projectgame\projectgame\debug\projectgame.tlog\cl.write.1.tlog
d:\my code\gamecode\projectgame\projectgame\debug\projectgame.tlog\link.command.1.tlog
d:\my code\gamecode\projectgame\projectgame\debug\projectgame.tlog\link.read.1.tlog
d:\my code\gamecode\projectgame\projectgame\debug\projectgame.tlog\link.write.1.tlog
